[2026-03-05 08:59:23] ==== Notebook 实验1：ViT-B/16 on CIFAR-10 ====
[2026-03-05 08:59:23] config = {'DATA_ROOT': './data', 'PRETRAINED': True, 'EPOCHS': 10, 'BATCH_SIZE': 128, 'LR': 0.0003, 'WEIGHT_DECAY': 0.05, 'LABEL_SMOOTHING': 0.1, 'VAL_RATIO': 0.1, 'NUM_WORKERS': 4, 'SEED': 42, 'AMP': True, 'DEVICE': 'cuda'}
[2026-03-05 08:59:23] 
[epoch 1/10] lr=0.000300
[2026-03-05 09:00:25] ==== Notebook 实验1：ViT-B/16 on CIFAR-10 ====
[2026-03-05 09:00:25] config = {'DATA_ROOT': './data', 'PRETRAINED': True, 'EPOCHS': 10, 'BATCH_SIZE': 128, 'LR': 0.0003, 'WEIGHT_DECAY': 0.05, 'LABEL_SMOOTHING': 0.1, 'VAL_RATIO': 0.1, 'NUM_WORKERS': 4, 'SEED': 42, 'AMP': True, 'DEVICE': 'cuda'}
[2026-03-05 09:00:25] 
[epoch 1/10] lr=0.000300
[2026-03-05 09:00:44]   [train] iter 50/352 | loss=2.0956 acc=24.67%
[2026-03-05 09:01:01]   [train] iter 100/352 | loss=1.6262 acc=47.95%
[2026-03-05 09:01:18]   [train] iter 150/352 | loss=1.3856 acc=59.52%
[2026-03-05 09:01:35]   [train] iter 200/352 | loss=1.2627 acc=65.33%
[2026-03-05 09:01:53]   [train] iter 250/352 | loss=1.1764 acc=69.38%
[2026-03-05 09:02:10]   [train] iter 300/352 | loss=1.1161 acc=72.20%
[2026-03-05 09:02:27]   [train] iter 350/352 | loss=1.0701 acc=74.38%
[2026-03-05 09:02:40] [epoch 1] train: loss=1.0688, acc=74.44%
[2026-03-05 09:02:40] [epoch 1]   val: loss=0.6729, acc=92.50%
[2026-03-05 09:02:43] ⭐ New best val acc: 92.50% -> saved best.pt
[2026-03-05 09:02:43] 
[epoch 2/10] lr=0.000293
[2026-03-05 09:03:01]   [train] iter 50/352 | loss=0.7601 acc=88.67%
[2026-03-05 09:03:19]   [train] iter 100/352 | loss=0.7697 acc=88.27%
[2026-03-05 09:03:36]   [train] iter 150/352 | loss=0.7674 acc=88.43%
[2026-03-05 09:03:53]   [train] iter 200/352 | loss=0.7631 acc=88.54%
[2026-03-05 09:04:11]   [train] iter 250/352 | loss=0.7615 acc=88.64%
[2026-03-05 09:04:28]   [train] iter 300/352 | loss=0.7589 acc=88.81%
[2026-03-05 09:04:45]   [train] iter 350/352 | loss=0.7574 acc=88.89%
[2026-03-05 09:04:58] [epoch 2] train: loss=0.7576, acc=88.89%
[2026-03-05 09:04:58] [epoch 2]   val: loss=0.6349, acc=94.22%
[2026-03-05 09:05:11] ⭐ New best val acc: 94.22% -> saved best.pt
[2026-03-05 09:05:11] 
[epoch 3/10] lr=0.000271
[2026-03-05 09:05:29]   [train] iter 50/352 | loss=0.7184 acc=90.45%
[2026-03-05 09:05:46]   [train] iter 100/352 | loss=0.7141 acc=90.69%
[2026-03-05 09:06:04]   [train] iter 150/352 | loss=0.7146 acc=90.66%
[2026-03-05 09:06:21]   [train] iter 200/352 | loss=0.7151 acc=90.56%
[2026-03-05 09:06:38]   [train] iter 250/352 | loss=0.7121 acc=90.74%
[2026-03-05 09:06:56]   [train] iter 300/352 | loss=0.7137 acc=90.67%
[2026-03-05 09:07:13]   [train] iter 350/352 | loss=0.7117 acc=90.77%
[2026-03-05 09:07:26] [epoch 3] train: loss=0.7113, acc=90.80%
[2026-03-05 09:07:26] [epoch 3]   val: loss=0.6393, acc=94.02%
[2026-03-05 09:07:32] 
[epoch 4/10] lr=0.000238
[2026-03-05 09:07:50]   [train] iter 50/352 | loss=0.6555 acc=93.17%
[2026-03-05 09:08:07]   [train] iter 100/352 | loss=0.6618 acc=93.03%
[2026-03-05 09:08:25]   [train] iter 150/352 | loss=0.6655 acc=92.90%
[2026-03-05 09:08:42]   [train] iter 200/352 | loss=0.6654 acc=92.94%
[2026-03-05 09:08:59]   [train] iter 250/352 | loss=0.6655 acc=92.89%
[2026-03-05 09:09:17]   [train] iter 300/352 | loss=0.6643 acc=92.91%
[2026-03-05 09:09:34]   [train] iter 350/352 | loss=0.6637 acc=92.96%
[2026-03-05 09:09:47] [epoch 4] train: loss=0.6638, acc=92.95%
[2026-03-05 09:09:47] [epoch 4]   val: loss=0.6103, acc=95.14%
[2026-03-05 09:10:00] ⭐ New best val acc: 95.14% -> saved best.pt
[2026-03-05 09:10:00] 
[epoch 5/10] lr=0.000196
[2026-03-05 09:10:17]   [train] iter 50/352 | loss=0.6176 acc=94.91%
[2026-03-05 09:10:35]   [train] iter 100/352 | loss=0.6204 acc=94.75%
[2026-03-05 09:10:52]   [train] iter 150/352 | loss=0.6228 acc=94.74%
[2026-03-05 09:11:09]   [train] iter 200/352 | loss=0.6205 acc=94.81%
[2026-03-05 09:11:27]   [train] iter 250/352 | loss=0.6223 acc=94.67%
[2026-03-05 09:11:44]   [train] iter 300/352 | loss=0.6223 acc=94.64%
[2026-03-05 09:12:01]   [train] iter 350/352 | loss=0.6226 acc=94.63%
[2026-03-05 09:12:14] [epoch 5] train: loss=0.6229, acc=94.63%
[2026-03-05 09:12:14] [epoch 5]   val: loss=0.6155, acc=95.00%
[2026-03-05 09:12:20] 
[epoch 6/10] lr=0.000150
[2026-03-05 09:12:38]   [train] iter 50/352 | loss=0.5965 acc=95.84%
[2026-03-05 09:12:56]   [train] iter 100/352 | loss=0.5923 acc=96.03%
[2026-03-05 09:13:13]   [train] iter 150/352 | loss=0.5899 acc=96.09%
[2026-03-05 09:13:30]   [train] iter 200/352 | loss=0.5906 acc=96.05%
[2026-03-05 09:13:48]   [train] iter 250/352 | loss=0.5905 acc=96.03%
[2026-03-05 09:14:05]   [train] iter 300/352 | loss=0.5917 acc=96.01%
[2026-03-05 09:14:22]   [train] iter 350/352 | loss=0.5925 acc=95.96%
[2026-03-05 09:14:35] [epoch 6] train: loss=0.5926, acc=95.96%
[2026-03-05 09:14:35] [epoch 6]   val: loss=0.5996, acc=95.78%
[2026-03-05 09:14:48] ⭐ New best val acc: 95.78% -> saved best.pt
[2026-03-05 09:14:48] 
[epoch 7/10] lr=0.000104
[2026-03-05 09:15:06]   [train] iter 50/352 | loss=0.5634 acc=97.22%
[2026-03-05 09:15:23]   [train] iter 100/352 | loss=0.5622 acc=97.34%
[2026-03-05 09:15:40]   [train] iter 150/352 | loss=0.5621 acc=97.36%
[2026-03-05 09:15:58]   [train] iter 200/352 | loss=0.5632 acc=97.30%
[2026-03-05 09:16:15]   [train] iter 250/352 | loss=0.5601 acc=97.42%
[2026-03-05 09:16:32]   [train] iter 300/352 | loss=0.5622 acc=97.29%
[2026-03-05 09:16:50]   [train] iter 350/352 | loss=0.5621 acc=97.29%
[2026-03-05 09:17:02] [epoch 7] train: loss=0.5620, acc=97.29%
[2026-03-05 09:17:02] [epoch 7]   val: loss=0.5779, acc=96.64%
[2026-03-05 09:17:15] ⭐ New best val acc: 96.64% -> saved best.pt
[2026-03-05 09:17:15] 
[epoch 8/10] lr=0.000062
[2026-03-05 09:17:33]   [train] iter 50/352 | loss=0.5449 acc=98.23%
[2026-03-05 09:17:50]   [train] iter 100/352 | loss=0.5432 acc=98.17%
[2026-03-05 09:18:08]   [train] iter 150/352 | loss=0.5415 acc=98.22%
[2026-03-05 09:18:25]   [train] iter 200/352 | loss=0.5393 acc=98.30%
[2026-03-05 09:18:42]   [train] iter 250/352 | loss=0.5395 acc=98.30%
[2026-03-05 09:19:00]   [train] iter 300/352 | loss=0.5400 acc=98.26%
[2026-03-05 09:19:17]   [train] iter 350/352 | loss=0.5401 acc=98.27%
[2026-03-05 09:19:30] [epoch 8] train: loss=0.5401, acc=98.27%
[2026-03-05 09:19:30] [epoch 8]   val: loss=0.5759, acc=96.91%
[2026-03-05 09:19:43] ⭐ New best val acc: 96.91% -> saved best.pt
[2026-03-05 09:19:43] 
[epoch 9/10] lr=0.000029
[2026-03-05 09:20:00]   [train] iter 50/352 | loss=0.5289 acc=98.77%
[2026-03-05 09:20:18]   [train] iter 100/352 | loss=0.5311 acc=98.70%
[2026-03-05 09:20:35]   [train] iter 150/352 | loss=0.5283 acc=98.83%
[2026-03-05 09:20:52]   [train] iter 200/352 | loss=0.5259 acc=98.93%
[2026-03-05 09:21:10]   [train] iter 250/352 | loss=0.5259 acc=98.93%
[2026-03-05 09:21:27]   [train] iter 300/352 | loss=0.5252 acc=98.96%
[2026-03-05 09:21:44]   [train] iter 350/352 | loss=0.5257 acc=98.94%
[2026-03-05 09:21:57] [epoch 9] train: loss=0.5259, acc=98.94%
[2026-03-05 09:21:57] [epoch 9]   val: loss=0.5627, acc=97.32%
[2026-03-05 09:22:10] ⭐ New best val acc: 97.32% -> saved best.pt
[2026-03-05 09:22:10] 
[epoch 10/10] lr=0.000007
[2026-03-05 09:22:28]   [train] iter 50/352 | loss=0.5212 acc=99.05%
[2026-03-05 09:22:45]   [train] iter 100/352 | loss=0.5221 acc=99.09%
[2026-03-05 09:23:02]   [train] iter 150/352 | loss=0.5212 acc=99.14%
[2026-03-05 09:23:20]   [train] iter 200/352 | loss=0.5198 acc=99.18%
[2026-03-05 09:23:37]   [train] iter 250/352 | loss=0.5202 acc=99.16%
[2026-03-05 09:23:54]   [train] iter 300/352 | loss=0.5201 acc=99.16%
[2026-03-05 09:24:12]   [train] iter 350/352 | loss=0.5196 acc=99.19%
[2026-03-05 09:24:25] [epoch 10] train: loss=0.5197, acc=99.19%
[2026-03-05 09:24:25] [epoch 10]   val: loss=0.5583, acc=97.60%
[2026-03-05 09:24:38] ⭐ New best val acc: 97.60% -> saved best.pt
[2026-03-05 09:24:38] 
==== 测试集评估（best.pt）====
[2026-03-05 09:25:03] [test] loss=0.5676, acc=97.22%
[2026-03-05 09:25:03] ✅ 完成。输出目录：logs/exp1_vit_nb_pretrained1_e10_bs128_lr0.0003
[2026-03-05 10:42:06] ==== Notebook 实验1：ViT-B/16 on CIFAR-10 ====
[2026-03-05 10:42:06] config = {'DATA_ROOT': './data', 'PRETRAINED': True, 'EPOCHS': 10, 'BATCH_SIZE': 128, 'LR': 0.0003, 'WEIGHT_DECAY': 0.05, 'LABEL_SMOOTHING': 0.1, 'VAL_RATIO': 0.1, 'NUM_WORKERS': 4, 'SEED': 42, 'AMP': True, 'DEVICE': 'cuda'}
[2026-03-05 10:42:06] 
[epoch 1/10] lr=0.000300
[2026-03-05 10:42:25]   [train] iter 50/352 | loss=2.2882 acc=13.83%
[2026-03-05 10:42:42]   [train] iter 100/352 | loss=2.2055 acc=18.27%
[2026-03-05 10:42:59]   [train] iter 150/352 | loss=2.1229 acc=22.69%
[2026-03-05 10:43:17]   [train] iter 200/352 | loss=2.0343 acc=27.39%
[2026-03-05 10:43:34]   [train] iter 250/352 | loss=1.9290 acc=32.90%
[2026-03-05 10:43:51]   [train] iter 300/352 | loss=1.8184 acc=38.57%
[2026-03-05 10:44:09]   [train] iter 350/352 | loss=1.7148 acc=43.70%
[2026-03-05 10:44:21] [epoch 1] train: loss=1.7114, acc=43.87%
[2026-03-05 10:44:21] [epoch 1]   val: loss=0.9076, acc=82.93%
[2026-03-05 10:44:35] ⭐ New best val acc: 82.93% -> saved best.pt
[2026-03-05 10:44:35] 
[epoch 2/10] lr=0.000293
[2026-03-05 10:44:53]   [train] iter 50/352 | loss=0.9920 acc=78.55%
[2026-03-05 10:45:10]   [train] iter 100/352 | loss=0.9947 acc=78.45%
[2026-03-05 10:45:27]   [train] iter 150/352 | loss=0.9789 acc=79.08%
[2026-03-05 10:45:45]   [train] iter 200/352 | loss=0.9604 acc=79.93%
[2026-03-05 10:46:02]   [train] iter 250/352 | loss=0.9499 acc=80.46%
[2026-03-05 10:46:19]   [train] iter 300/352 | loss=0.9338 acc=81.11%
[2026-03-05 10:46:37]   [train] iter 350/352 | loss=0.9225 acc=81.60%
[2026-03-05 10:46:50] [epoch 2] train: loss=0.9230, acc=81.58%
[2026-03-05 10:46:50] [epoch 2]   val: loss=0.7098, acc=91.19%
[2026-03-05 10:47:02] ⭐ New best val acc: 91.19% -> saved best.pt
[2026-03-05 10:47:02] 
[epoch 3/10] lr=0.000271
[2026-03-05 10:47:20]   [train] iter 50/352 | loss=0.8084 acc=86.89%
[2026-03-05 10:47:37]   [train] iter 100/352 | loss=0.7998 acc=87.41%
[2026-03-05 10:47:55]   [train] iter 150/352 | loss=0.8011 acc=87.25%
[2026-03-05 10:48:12]   [train] iter 200/352 | loss=0.7967 acc=87.36%
[2026-03-05 10:48:29]   [train] iter 250/352 | loss=0.7978 acc=87.26%
[2026-03-05 10:48:47]   [train] iter 300/352 | loss=0.7934 acc=87.39%
[2026-03-05 10:49:04]   [train] iter 350/352 | loss=0.7906 acc=87.47%
[2026-03-05 10:49:17] [epoch 3] train: loss=0.7902, acc=87.49%
[2026-03-05 10:49:17] [epoch 3]   val: loss=0.6610, acc=93.38%
[2026-03-05 10:49:30] ⭐ New best val acc: 93.38% -> saved best.pt
[2026-03-05 10:49:30] 
[epoch 4/10] lr=0.000238
[2026-03-05 10:49:49]   [train] iter 50/352 | loss=0.7321 acc=89.86%
[2026-03-05 10:50:06]   [train] iter 100/352 | loss=0.7225 acc=90.31%
[2026-03-05 10:50:23]   [train] iter 150/352 | loss=0.7190 acc=90.51%
[2026-03-05 10:50:41]   [train] iter 200/352 | loss=0.7197 acc=90.45%
[2026-03-05 10:50:58]   [train] iter 250/352 | loss=0.7193 acc=90.38%
[2026-03-05 10:51:15]   [train] iter 300/352 | loss=0.7202 acc=90.37%
[2026-03-05 10:51:33]   [train] iter 350/352 | loss=0.7195 acc=90.39%
[2026-03-05 10:51:46] [epoch 4] train: loss=0.7193, acc=90.40%
[2026-03-05 10:51:46] [epoch 4]   val: loss=0.6513, acc=93.61%
[2026-03-05 10:51:58] ⭐ New best val acc: 93.61% -> saved best.pt
[2026-03-05 10:51:58] 
[epoch 5/10] lr=0.000196
[2026-03-05 10:52:16]   [train] iter 50/352 | loss=0.6721 acc=92.25%
[2026-03-05 10:52:33]   [train] iter 100/352 | loss=0.6594 acc=92.85%
[2026-03-05 10:52:51]   [train] iter 150/352 | loss=0.6640 acc=92.69%
[2026-03-05 10:53:08]   [train] iter 200/352 | loss=0.6664 acc=92.65%
[2026-03-05 10:53:25]   [train] iter 250/352 | loss=0.6644 acc=92.81%
[2026-03-05 10:53:43]   [train] iter 300/352 | loss=0.6657 acc=92.67%
[2026-03-05 10:54:00]   [train] iter 350/352 | loss=0.6686 acc=92.57%
[2026-03-05 10:54:13] [epoch 5] train: loss=0.6686, acc=92.57%
[2026-03-05 10:54:13] [epoch 5]   val: loss=0.6283, acc=94.77%
[2026-03-05 10:54:25] ⭐ New best val acc: 94.77% -> saved best.pt
[2026-03-05 10:54:25] 
[epoch 6/10] lr=0.000150
[2026-03-05 10:54:43]   [train] iter 50/352 | loss=0.6173 acc=94.97%
[2026-03-05 10:55:01]   [train] iter 100/352 | loss=0.6192 acc=94.81%
[2026-03-05 10:55:18]   [train] iter 150/352 | loss=0.6188 acc=94.90%
[2026-03-05 10:55:35]   [train] iter 200/352 | loss=0.6181 acc=94.92%
[2026-03-05 10:55:53]   [train] iter 250/352 | loss=0.6200 acc=94.82%
[2026-03-05 10:56:10]   [train] iter 300/352 | loss=0.6202 acc=94.81%
[2026-03-05 10:56:27]   [train] iter 350/352 | loss=0.6201 acc=94.82%
[2026-03-05 10:56:40] [epoch 6] train: loss=0.6202, acc=94.82%
[2026-03-05 10:56:40] [epoch 6]   val: loss=0.5960, acc=96.00%
[2026-03-05 10:56:53] ⭐ New best val acc: 96.00% -> saved best.pt
[2026-03-05 10:56:53] 
[epoch 7/10] lr=0.000104
[2026-03-05 10:57:11]   [train] iter 50/352 | loss=0.5906 acc=96.17%
[2026-03-05 10:57:28]   [train] iter 100/352 | loss=0.5875 acc=96.32%
[2026-03-05 10:57:45]   [train] iter 150/352 | loss=0.5848 acc=96.47%
[2026-03-05 10:58:03]   [train] iter 200/352 | loss=0.5856 acc=96.39%
[2026-03-05 10:58:20]   [train] iter 250/352 | loss=0.5830 acc=96.48%
[2026-03-05 10:58:37]   [train] iter 300/352 | loss=0.5844 acc=96.42%
[2026-03-05 10:58:55]   [train] iter 350/352 | loss=0.5843 acc=96.45%
[2026-03-05 10:59:08] [epoch 7] train: loss=0.5844, acc=96.45%
[2026-03-05 10:59:08] [epoch 7]   val: loss=0.5961, acc=96.00%
[2026-03-05 10:59:14] 
[epoch 8/10] lr=0.000062
[2026-03-05 10:59:32]   [train] iter 50/352 | loss=0.5592 acc=97.62%
[2026-03-05 10:59:50]   [train] iter 100/352 | loss=0.5577 acc=97.57%
[2026-03-05 11:00:07]   [train] iter 150/352 | loss=0.5595 acc=97.46%
[2026-03-05 11:00:24]   [train] iter 200/352 | loss=0.5593 acc=97.51%
[2026-03-05 11:00:42]   [train] iter 250/352 | loss=0.5589 acc=97.51%
[2026-03-05 11:00:59]   [train] iter 300/352 | loss=0.5584 acc=97.52%
[2026-03-05 11:01:16]   [train] iter 350/352 | loss=0.5582 acc=97.54%
[2026-03-05 11:01:29] [epoch 8] train: loss=0.5581, acc=97.54%
[2026-03-05 11:01:29] [epoch 8]   val: loss=0.5788, acc=96.74%
[2026-03-05 11:01:43] ⭐ New best val acc: 96.74% -> saved best.pt
[2026-03-05 11:01:43] 
[epoch 9/10] lr=0.000029
[2026-03-05 11:02:01]   [train] iter 50/352 | loss=0.5510 acc=97.67%
[2026-03-05 11:02:18]   [train] iter 100/352 | loss=0.5474 acc=97.93%
[2026-03-05 11:02:35]   [train] iter 150/352 | loss=0.5454 acc=98.03%
[2026-03-05 11:02:53]   [train] iter 200/352 | loss=0.5435 acc=98.18%
[2026-03-05 11:03:10]   [train] iter 250/352 | loss=0.5427 acc=98.21%
[2026-03-05 11:03:27]   [train] iter 300/352 | loss=0.5428 acc=98.23%
[2026-03-05 11:03:45]   [train] iter 350/352 | loss=0.5424 acc=98.25%
[2026-03-05 11:03:57] [epoch 9] train: loss=0.5423, acc=98.25%
[2026-03-05 11:03:57] [epoch 9]   val: loss=0.5729, acc=97.03%
[2026-03-05 11:04:10] ⭐ New best val acc: 97.03% -> saved best.pt
[2026-03-05 11:04:10] 
[epoch 10/10] lr=0.000007
[2026-03-05 11:04:28]   [train] iter 50/352 | loss=0.5326 acc=98.67%
[2026-03-05 11:04:45]   [train] iter 100/352 | loss=0.5335 acc=98.59%
[2026-03-05 11:05:02]   [train] iter 150/352 | loss=0.5340 acc=98.57%
[2026-03-05 11:05:20]   [train] iter 200/352 | loss=0.5342 acc=98.55%
[2026-03-05 11:05:37]   [train] iter 250/352 | loss=0.5336 acc=98.58%
[2026-03-05 11:05:54]   [train] iter 300/352 | loss=0.5338 acc=98.57%
[2026-03-05 11:06:12]   [train] iter 350/352 | loss=0.5330 acc=98.61%
[2026-03-05 11:06:25] [epoch 10] train: loss=0.5329, acc=98.61%
[2026-03-05 11:06:25] [epoch 10]   val: loss=0.5703, acc=97.05%
[2026-03-05 11:06:38] ⭐ New best val acc: 97.05% -> saved best.pt
[2026-03-05 11:06:38] 
==== 测试集评估（best.pt）====
[2026-03-05 11:07:02] [test] loss=0.5751, acc=96.85%
[2026-03-05 11:07:02] ✅ 完成。输出目录：logs/exp1_vit_nb_pretrained1_e10_bs128_lr0.0003
