[2026-03-05 11:25:59] ==== Notebook 实验1：ViT-B/16 on CIFAR-10 ====
[2026-03-05 11:25:59] config = {'DATA_ROOT': './data', 'PRETRAINED': False, 'EPOCHS': 10, 'BATCH_SIZE': 128, 'LR': 0.0003, 'WEIGHT_DECAY': 0.05, 'LABEL_SMOOTHING': 0.1, 'VAL_RATIO': 0.1, 'NUM_WORKERS': 4, 'SEED': 42, 'AMP': True, 'DEVICE': 'cuda'}
[2026-03-05 11:25:59] 
[epoch 1/10] lr=0.000300
[2026-03-05 11:26:18]   [train] iter 50/352 | loss=2.5739 acc=13.55%
[2026-03-05 11:26:36]   [train] iter 100/352 | loss=2.3821 acc=15.46%
[2026-03-05 11:26:53]   [train] iter 150/352 | loss=2.3011 acc=17.19%
[2026-03-05 11:27:10]   [train] iter 200/352 | loss=2.2538 acc=18.45%
[2026-03-05 11:27:27]   [train] iter 250/352 | loss=2.2175 acc=19.59%
[2026-03-05 11:27:45]   [train] iter 300/352 | loss=2.1875 acc=20.69%
[2026-03-05 11:28:02]   [train] iter 350/352 | loss=2.1587 acc=21.88%
[2026-03-05 11:28:15] [epoch 1] train: loss=2.1570, acc=21.96%
[2026-03-05 11:28:15] [epoch 1]   val: loss=1.8882, acc=34.22%
[2026-03-05 11:28:18] ⭐ New best val acc: 34.22% -> saved best.pt
[2026-03-05 11:28:18] 
[epoch 2/10] lr=0.000293
[2026-03-05 11:28:35]   [train] iter 50/352 | loss=1.9945 acc=29.09%
[2026-03-05 11:28:53]   [train] iter 100/352 | loss=1.9783 acc=30.02%
[2026-03-05 11:29:10]   [train] iter 150/352 | loss=1.9692 acc=30.24%
[2026-03-05 11:29:27]   [train] iter 200/352 | loss=1.9547 acc=30.98%
[2026-03-05 11:29:45]   [train] iter 250/352 | loss=1.9468 acc=31.34%
[2026-03-05 11:30:02]   [train] iter 300/352 | loss=1.9351 acc=31.89%
[2026-03-05 11:30:19]   [train] iter 350/352 | loss=1.9279 acc=32.26%
[2026-03-05 11:30:32] [epoch 2] train: loss=1.9272, acc=32.32%
[2026-03-05 11:30:32] [epoch 2]   val: loss=1.7070, acc=44.20%
[2026-03-05 11:30:45] ⭐ New best val acc: 44.20% -> saved best.pt
[2026-03-05 11:30:45] 
[epoch 3/10] lr=0.000271
[2026-03-05 11:31:03]   [train] iter 50/352 | loss=1.8719 acc=35.84%
[2026-03-05 11:31:20]   [train] iter 100/352 | loss=1.8516 acc=36.07%
[2026-03-05 11:31:37]   [train] iter 150/352 | loss=1.8487 acc=36.80%
[2026-03-05 11:31:55]   [train] iter 200/352 | loss=1.8423 acc=37.21%
[2026-03-05 11:32:12]   [train] iter 250/352 | loss=1.8361 acc=37.46%
[2026-03-05 11:32:29]   [train] iter 300/352 | loss=1.8319 acc=37.81%
[2026-03-05 11:32:47]   [train] iter 350/352 | loss=1.8287 acc=37.90%
[2026-03-05 11:32:59] [epoch 3] train: loss=1.8288, acc=37.88%
[2026-03-05 11:32:59] [epoch 3]   val: loss=1.6382, acc=47.27%
[2026-03-05 11:33:12] ⭐ New best val acc: 47.27% -> saved best.pt
[2026-03-05 11:33:12] 
[epoch 4/10] lr=0.000238
[2026-03-05 11:33:30]   [train] iter 50/352 | loss=1.7712 acc=41.03%
[2026-03-05 11:33:47]   [train] iter 100/352 | loss=1.7681 acc=40.86%
[2026-03-05 11:34:05]   [train] iter 150/352 | loss=1.7699 acc=40.67%
[2026-03-05 11:34:22]   [train] iter 200/352 | loss=1.7735 acc=40.69%
[2026-03-05 11:34:39]   [train] iter 250/352 | loss=1.7713 acc=40.78%
[2026-03-05 11:34:57]   [train] iter 300/352 | loss=1.7707 acc=40.77%
[2026-03-05 11:35:14]   [train] iter 350/352 | loss=1.7687 acc=40.79%
[2026-03-05 11:35:27] [epoch 4] train: loss=1.7684, acc=40.80%
[2026-03-05 11:35:27] [epoch 4]   val: loss=1.5916, acc=49.20%
[2026-03-05 11:35:39] ⭐ New best val acc: 49.20% -> saved best.pt
[2026-03-05 11:35:39] 
[epoch 5/10] lr=0.000196
[2026-03-05 11:35:57]   [train] iter 50/352 | loss=1.7347 acc=42.75%
[2026-03-05 11:36:14]   [train] iter 100/352 | loss=1.7271 acc=42.92%
[2026-03-05 11:36:32]   [train] iter 150/352 | loss=1.7240 acc=43.05%
[2026-03-05 11:36:49]   [train] iter 200/352 | loss=1.7190 acc=43.27%
[2026-03-05 11:37:06]   [train] iter 250/352 | loss=1.7167 acc=43.27%
[2026-03-05 11:37:24]   [train] iter 300/352 | loss=1.7120 acc=43.51%
[2026-03-05 11:37:41]   [train] iter 350/352 | loss=1.7122 acc=43.46%
[2026-03-05 11:37:54] [epoch 5] train: loss=1.7126, acc=43.43%
[2026-03-05 11:37:54] [epoch 5]   val: loss=1.5803, acc=50.53%
[2026-03-05 11:38:06] ⭐ New best val acc: 50.53% -> saved best.pt
[2026-03-05 11:38:06] 
[epoch 6/10] lr=0.000150
[2026-03-05 11:38:24]   [train] iter 50/352 | loss=1.6777 acc=44.67%
[2026-03-05 11:38:42]   [train] iter 100/352 | loss=1.6607 acc=45.94%
[2026-03-05 11:38:59]   [train] iter 150/352 | loss=1.6535 acc=46.36%
[2026-03-05 11:39:16]   [train] iter 200/352 | loss=1.6539 acc=46.18%
[2026-03-05 11:39:34]   [train] iter 250/352 | loss=1.6516 acc=46.31%
[2026-03-05 11:39:51]   [train] iter 300/352 | loss=1.6517 acc=46.32%
[2026-03-05 11:40:08]   [train] iter 350/352 | loss=1.6481 acc=46.51%
[2026-03-05 11:40:21] [epoch 6] train: loss=1.6484, acc=46.47%
[2026-03-05 11:40:21] [epoch 6]   val: loss=1.4744, acc=55.18%
[2026-03-05 11:40:34] ⭐ New best val acc: 55.18% -> saved best.pt
[2026-03-05 11:40:34] 
[epoch 7/10] lr=0.000104
[2026-03-05 11:40:52]   [train] iter 50/352 | loss=1.6088 acc=49.22%
[2026-03-05 11:41:09]   [train] iter 100/352 | loss=1.5972 acc=49.00%
[2026-03-05 11:41:26]   [train] iter 150/352 | loss=1.5976 acc=49.30%
[2026-03-05 11:41:44]   [train] iter 200/352 | loss=1.5940 acc=49.48%
[2026-03-05 11:42:01]   [train] iter 250/352 | loss=1.5892 acc=49.76%
[2026-03-05 11:42:18]   [train] iter 300/352 | loss=1.5901 acc=49.72%
[2026-03-05 11:42:36]   [train] iter 350/352 | loss=1.5896 acc=49.76%
[2026-03-05 11:42:49] [epoch 7] train: loss=1.5898, acc=49.74%
[2026-03-05 11:42:49] [epoch 7]   val: loss=1.4162, acc=57.19%
[2026-03-05 11:43:01] ⭐ New best val acc: 57.19% -> saved best.pt
[2026-03-05 11:43:01] 
[epoch 8/10] lr=0.000062
[2026-03-05 11:43:19]   [train] iter 50/352 | loss=1.5576 acc=50.91%
[2026-03-05 11:43:36]   [train] iter 100/352 | loss=1.5582 acc=51.27%
[2026-03-05 11:43:54]   [train] iter 150/352 | loss=1.5527 acc=51.39%
[2026-03-05 11:44:11]   [train] iter 200/352 | loss=1.5481 acc=51.44%
[2026-03-05 11:44:28]   [train] iter 250/352 | loss=1.5430 acc=51.81%
[2026-03-05 11:44:46]   [train] iter 300/352 | loss=1.5452 acc=51.74%
[2026-03-05 11:45:03]   [train] iter 350/352 | loss=1.5421 acc=51.91%
[2026-03-05 11:45:16] [epoch 8] train: loss=1.5420, acc=51.91%
[2026-03-05 11:45:16] [epoch 8]   val: loss=1.3825, acc=58.93%
[2026-03-05 11:45:29] ⭐ New best val acc: 58.93% -> saved best.pt
[2026-03-05 11:45:29] 
[epoch 9/10] lr=0.000029
[2026-03-05 11:45:47]   [train] iter 50/352 | loss=1.5016 acc=53.56%
[2026-03-05 11:46:04]   [train] iter 100/352 | loss=1.4921 acc=53.89%
[2026-03-05 11:46:21]   [train] iter 150/352 | loss=1.4924 acc=54.07%
[2026-03-05 11:46:38]   [train] iter 200/352 | loss=1.4927 acc=54.20%
[2026-03-05 11:46:56]   [train] iter 250/352 | loss=1.4915 acc=54.33%
[2026-03-05 11:47:13]   [train] iter 300/352 | loss=1.4920 acc=54.27%
[2026-03-05 11:47:31]   [train] iter 350/352 | loss=1.4878 acc=54.47%
[2026-03-05 11:47:43] [epoch 9] train: loss=1.4874, acc=54.49%
[2026-03-05 11:47:43] [epoch 9]   val: loss=1.3362, acc=61.97%
[2026-03-05 11:47:56] ⭐ New best val acc: 61.97% -> saved best.pt
[2026-03-05 11:47:56] 
[epoch 10/10] lr=0.000007
[2026-03-05 11:48:14]   [train] iter 50/352 | loss=1.4554 acc=56.02%
[2026-03-05 11:48:31]   [train] iter 100/352 | loss=1.4493 acc=56.44%
[2026-03-05 11:48:49]   [train] iter 150/352 | loss=1.4474 acc=56.70%
[2026-03-05 11:49:06]   [train] iter 200/352 | loss=1.4458 acc=56.78%
[2026-03-05 11:49:23]   [train] iter 250/352 | loss=1.4462 acc=56.69%
[2026-03-05 11:49:41]   [train] iter 300/352 | loss=1.4465 acc=56.68%
[2026-03-05 11:49:58]   [train] iter 350/352 | loss=1.4466 acc=56.60%
[2026-03-05 11:50:11] [epoch 10] train: loss=1.4466, acc=56.62%
[2026-03-05 11:50:11] [epoch 10]   val: loss=1.3120, acc=62.85%
[2026-03-05 11:50:24] ⭐ New best val acc: 62.85% -> saved best.pt
[2026-03-05 11:50:24] 
==== 测试集评估（best.pt）====
[2026-03-05 11:50:49] [test] loss=1.3166, acc=62.50%
[2026-03-05 11:50:49] ✅ 完成。输出目录：logs/exp1_vit_nb_pretrained0_e10_bs128_lr0.0003
